{"level":"\u001b[32minfo\u001b[39m","message":"Servidor escuchando en el puerto 8080","timestamp":"2024-05-08T12:31:58.165Z"}
{"level":"\u001b[32minfo\u001b[39m","message":"Conexión a la base de datos exitosa","timestamp":"2024-05-08T12:31:59.339Z"}
{"level":"\u001b[35mfatal\u001b[39m","message":"Este es un mensaje fatal","timestamp":"2024-05-08T12:32:25.951Z"}
{"level":"\u001b[31merror\u001b[39m","message":"Este es un mensaje de error","timestamp":"2024-05-08T12:32:25.953Z"}
{"level":"\u001b[33mwarning\u001b[39m","message":"Este es un mensaje de advertencia","timestamp":"2024-05-08T12:32:25.955Z"}
{"level":"\u001b[32minfo\u001b[39m","message":"Este es un mensaje de info","timestamp":"2024-05-08T12:32:25.957Z"}
{"level":"\u001b[32minfo\u001b[39m","message":"Servidor escuchando en el puerto 8080","timestamp":"2024-05-08T13:03:24.327Z"}
{"level":"\u001b[32minfo\u001b[39m","message":"Conexión a la base de datos exitosa","timestamp":"2024-05-08T13:03:25.526Z"}
{"level":"\u001b[32minfo\u001b[39m","message":"Servidor escuchando en el puerto 8080","timestamp":"2024-05-08T13:05:12.687Z"}
{"level":"\u001b[32minfo\u001b[39m","message":"Conexión a la base de datos exitosa","timestamp":"2024-05-08T13:05:13.854Z"}
{"level":"\u001b[32minfo\u001b[39m","message":"Servidor escuchando en el puerto 8080","timestamp":"2024-05-08T13:08:11.628Z"}
{"level":"\u001b[32minfo\u001b[39m","message":"Conexión a la base de datos exitosa","timestamp":"2024-05-08T13:08:12.819Z"}
{"0":"s","1":"e","10":"a","11":"i","12":"l","13":".","14":"c","15":"o","16":"m","2":"b","3":"a","4":"2","5":"2","6":"1","7":"2","8":"@","9":"m","level":"\u001b[32minfo\u001b[39m","message":"Inicio de sesión exitoso:","timestamp":"2024-05-08T13:08:23.597Z"}
{"level":"\u001b[32minfo\u001b[39m","message":"Servidor escuchando en el puerto 8080","timestamp":"2024-05-08T13:15:35.545Z"}
{"level":"\u001b[32minfo\u001b[39m","message":"Conexión a la base de datos exitosa","timestamp":"2024-05-08T13:15:36.798Z"}
{"level":"\u001b[32minfo\u001b[39m","message":"Servidor escuchando en el puerto 8080","timestamp":"2024-05-08T13:16:42.597Z"}
{"level":"\u001b[32minfo\u001b[39m","message":"Conexión a la base de datos exitosa","timestamp":"2024-05-08T13:16:43.704Z"}
{"level":"\u001b[32minfo\u001b[39m","message":"Se actualizó la cantidad del producto 65c401d442fe0e6ed8c3c441 en el carrito 662f7adc56d4259f0e441754","timestamp":"2024-05-08T13:16:54.439Z"}
{"level":"\u001b[32minfo\u001b[39m","message":"Compra completada. Mostrando ticket.","timestamp":"2024-05-08T13:16:59.998Z"}
{"level":"\u001b[32minfo\u001b[39m","message":"Servidor escuchando en el puerto 8080","timestamp":"2024-05-08T13:20:06.750Z"}
{"level":"\u001b[32minfo\u001b[39m","message":"Conexión a la base de datos exitosa","timestamp":"2024-05-08T13:20:07.933Z"}
{"level":"\u001b[32minfo\u001b[39m","message":"Página de chat renderizada correctamente.","timestamp":"2024-05-08T13:20:16.490Z"}
{"level":"\u001b[32minfo\u001b[39m","message":"Mensaje creado correctamente.","timestamp":"2024-05-08T13:20:27.766Z"}
{"level":"\u001b[32minfo\u001b[39m","message":"Página de chat renderizada correctamente.","timestamp":"2024-05-08T13:20:28.457Z"}
{"level":"\u001b[32minfo\u001b[39m","message":"Servidor escuchando en el puerto 8080","timestamp":"2024-05-08T13:20:52.705Z"}
{"level":"\u001b[32minfo\u001b[39m","message":"Conexión a la base de datos exitosa","timestamp":"2024-05-08T13:20:53.828Z"}
{"level":"\u001b[32minfo\u001b[39m","message":"Se actualizó la cantidad del producto 65d9e2185145138336a0ebe5 en el carrito 662f7adc56d4259f0e441754","timestamp":"2024-05-08T13:21:10.477Z"}
{"level":"\u001b[32minfo\u001b[39m","message":"Todos los productos del carrito 662f7adc56d4259f0e441754 eliminados correctamente.","timestamp":"2024-05-08T13:21:24.125Z"}
{"0":"s","1":"e","10":"a","11":"i","12":"l","13":".","14":"c","15":"o","16":"m","2":"b","3":"a","4":"2","5":"2","6":"1","7":"2","8":"@","9":"m","level":"\u001b[33mwarning\u001b[39m","message":"Contraseña incorrecta para el usuario:","timestamp":"2024-05-08T13:22:27.874Z"}
{"level":"\u001b[32minfo\u001b[39m","message":"Servidor escuchando en el puerto 8080","timestamp":"2024-05-08T13:23:35.655Z"}
{"level":"\u001b[32minfo\u001b[39m","message":"Conexión a la base de datos exitosa","timestamp":"2024-05-08T13:23:36.828Z"}
{"0":"s","1":"e","10":"a","11":"i","12":"l","13":".","14":"c","15":"o","16":"m","2":"b","3":"a","4":"2","5":"2","6":"1","7":"2","8":"@","9":"m","level":"\u001b[33mwarning\u001b[39m","message":"Contraseña incorrecta para el usuario:","timestamp":"2024-05-08T13:23:45.461Z"}
{"level":"\u001b[32minfo\u001b[39m","message":"Servidor escuchando en el puerto 8080","timestamp":"2024-05-08T13:24:28.854Z"}
{"level":"\u001b[32minfo\u001b[39m","message":"Conexión a la base de datos exitosa","timestamp":"2024-05-08T13:24:29.983Z"}
{"0":"s","1":"e","10":"a","11":"i","12":"l","13":".","14":"c","15":"o","16":"m","2":"b","3":"a","4":"2","5":"2","6":"1","7":"2","8":"@","9":"m","level":"\u001b[33mwarning\u001b[39m","message":"Contraseña incorrecta para el usuario:","timestamp":"2024-05-08T13:24:31.188Z"}
{"level":"\u001b[32minfo\u001b[39m","message":"Servidor escuchando en el puerto 8080","timestamp":"2024-05-08T13:30:20.419Z"}
{"level":"\u001b[32minfo\u001b[39m","message":"Conexión a la base de datos exitosa","timestamp":"2024-05-08T13:30:21.607Z"}
{"level":"\u001b[31merror\u001b[39m","message":"Error al iniciar sesión: email is not defined","stack":"ReferenceError: email is not defined\n    at login (C:\\Users\\macch\\OneDrive\\Documentos\\CoderHouse\\backend-node\\implementacion-logger\\src\\controllers\\authControllers.js:34:62)\n    at Layer.handle [as handle_request] (C:\\Users\\macch\\OneDrive\\Documentos\\CoderHouse\\backend-node\\implementacion-logger\\node_modules\\express\\lib\\router\\layer.js:95:5)\n    at next (C:\\Users\\macch\\OneDrive\\Documentos\\CoderHouse\\backend-node\\implementacion-logger\\node_modules\\express\\lib\\router\\route.js:149:13)\n    at Route.dispatch (C:\\Users\\macch\\OneDrive\\Documentos\\CoderHouse\\backend-node\\implementacion-logger\\node_modules\\express\\lib\\router\\route.js:119:3)\n    at Layer.handle [as handle_request] (C:\\Users\\macch\\OneDrive\\Documentos\\CoderHouse\\backend-node\\implementacion-logger\\node_modules\\express\\lib\\router\\layer.js:95:5)\n    at C:\\Users\\macch\\OneDrive\\Documentos\\CoderHouse\\backend-node\\implementacion-logger\\node_modules\\express\\lib\\router\\index.js:284:15\n    at Function.process_params (C:\\Users\\macch\\OneDrive\\Documentos\\CoderHouse\\backend-node\\implementacion-logger\\node_modules\\express\\lib\\router\\index.js:346:12)\n    at next (C:\\Users\\macch\\OneDrive\\Documentos\\CoderHouse\\backend-node\\implementacion-logger\\node_modules\\express\\lib\\router\\index.js:280:10)\n    at Function.handle (C:\\Users\\macch\\OneDrive\\Documentos\\CoderHouse\\backend-node\\implementacion-logger\\node_modules\\express\\lib\\router\\index.js:175:3)\n    at router (C:\\Users\\macch\\OneDrive\\Documentos\\CoderHouse\\backend-node\\implementacion-logger\\node_modules\\express\\lib\\router\\index.js:47:12)","timestamp":"2024-05-08T13:30:27.731Z"}
{"level":"\u001b[32minfo\u001b[39m","message":"Servidor escuchando en el puerto 8080","timestamp":"2024-05-08T13:31:38.044Z"}
{"level":"\u001b[32minfo\u001b[39m","message":"Conexión a la base de datos exitosa","timestamp":"2024-05-08T13:31:39.140Z"}
{"level":"\u001b[33mwarning\u001b[39m","message":"Contraseña incorrecta para el usuario: seba2212@mail.com","timestamp":"2024-05-08T13:31:46.728Z"}
{"level":"\u001b[31merror\u001b[39m","message":"Error al iniciar sesión: user is not defined","stack":"ReferenceError: user is not defined\n    at login (C:\\Users\\macch\\OneDrive\\Documentos\\CoderHouse\\backend-node\\implementacion-logger\\src\\controllers\\authControllers.js:38:5)\n    at Layer.handle [as handle_request] (C:\\Users\\macch\\OneDrive\\Documentos\\CoderHouse\\backend-node\\implementacion-logger\\node_modules\\express\\lib\\router\\layer.js:95:5)\n    at next (C:\\Users\\macch\\OneDrive\\Documentos\\CoderHouse\\backend-node\\implementacion-logger\\node_modules\\express\\lib\\router\\route.js:149:13)\n    at Route.dispatch (C:\\Users\\macch\\OneDrive\\Documentos\\CoderHouse\\backend-node\\implementacion-logger\\node_modules\\express\\lib\\router\\route.js:119:3)\n    at Layer.handle [as handle_request] (C:\\Users\\macch\\OneDrive\\Documentos\\CoderHouse\\backend-node\\implementacion-logger\\node_modules\\express\\lib\\router\\layer.js:95:5)\n    at C:\\Users\\macch\\OneDrive\\Documentos\\CoderHouse\\backend-node\\implementacion-logger\\node_modules\\express\\lib\\router\\index.js:284:15\n    at Function.process_params (C:\\Users\\macch\\OneDrive\\Documentos\\CoderHouse\\backend-node\\implementacion-logger\\node_modules\\express\\lib\\router\\index.js:346:12)\n    at next (C:\\Users\\macch\\OneDrive\\Documentos\\CoderHouse\\backend-node\\implementacion-logger\\node_modules\\express\\lib\\router\\index.js:280:10)\n    at Function.handle (C:\\Users\\macch\\OneDrive\\Documentos\\CoderHouse\\backend-node\\implementacion-logger\\node_modules\\express\\lib\\router\\index.js:175:3)\n    at router (C:\\Users\\macch\\OneDrive\\Documentos\\CoderHouse\\backend-node\\implementacion-logger\\node_modules\\express\\lib\\router\\index.js:47:12)","timestamp":"2024-05-08T13:31:46.730Z"}
{"level":"\u001b[32minfo\u001b[39m","message":"Servidor escuchando en el puerto 8080","timestamp":"2024-05-08T13:33:48.787Z"}
{"level":"\u001b[32minfo\u001b[39m","message":"Conexión a la base de datos exitosa","timestamp":"2024-05-08T13:33:50.125Z"}
{"0":"s","1":"e","10":"a","11":"i","12":"l","13":".","14":"c","15":"o","16":"m","2":"b","3":"a","4":"2","5":"2","6":"1","7":"2","8":"@","9":"m","level":"\u001b[33mwarning\u001b[39m","message":"Contraseña incorrecta para el usuario:","timestamp":"2024-05-08T13:33:56.007Z"}
{"level":"\u001b[32minfo\u001b[39m","message":"Servidor escuchando en el puerto 8080","timestamp":"2024-05-08T13:34:37.928Z"}
{"level":"\u001b[32minfo\u001b[39m","message":"Conexión a la base de datos exitosa","timestamp":"2024-05-08T13:34:39.085Z"}
{"level":"\u001b[33mwarning\u001b[39m","message":"Contraseña incorrecta para el usuario: seba2212@mail.com","timestamp":"2024-05-08T13:34:42.972Z"}
{"level":"\u001b[32minfo\u001b[39m","message":"Servidor escuchando en el puerto 8080","timestamp":"2024-05-08T13:37:31.574Z"}
{"level":"\u001b[32minfo\u001b[39m","message":"Conexión a la base de datos exitosa","timestamp":"2024-05-08T13:37:32.673Z"}
{"level":"\u001b[32minfo\u001b[39m","message":"Servidor escuchando en el puerto 8080","timestamp":"2024-05-08T13:40:34.307Z"}
{"level":"\u001b[32minfo\u001b[39m","message":"Conexión a la base de datos exitosa","timestamp":"2024-05-08T13:40:35.705Z"}
{"level":"\u001b[32minfo\u001b[39m","message":"Servidor escuchando en el puerto 8080","timestamp":"2024-05-08T13:43:43.283Z"}
{"level":"\u001b[32minfo\u001b[39m","message":"Conexión a la base de datos exitosa","timestamp":"2024-05-08T13:43:44.438Z"}
{"level":"\u001b[32minfo\u001b[39m","message":"Usuario registrado correctamente","timestamp":"2024-05-08T13:44:27.999Z"}
{"level":"\u001b[32minfo\u001b[39m","message":"Inicio de sesión exitoso: glen@mail.com","timestamp":"2024-05-08T13:44:40.580Z"}
{"level":"\u001b[32minfo\u001b[39m","message":"Página de chat renderizada correctamente.","timestamp":"2024-05-08T13:44:44.801Z"}
{"level":"\u001b[32minfo\u001b[39m","message":"Servidor escuchando en el puerto 8080","timestamp":"2024-05-08T13:46:25.024Z"}
{"level":"\u001b[32minfo\u001b[39m","message":"Conexión a la base de datos exitosa","timestamp":"2024-05-08T13:46:26.152Z"}
{"level":"\u001b[32minfo\u001b[39m","message":"Se actualizó la cantidad del producto 65c401d442fe0e6ed8c3c441 en el carrito 663b81bb761e9debbea84fb0","timestamp":"2024-05-08T13:46:31.217Z"}
{"level":"\u001b[32minfo\u001b[39m","message":"Compra completada. Mostrando ticket.","timestamp":"2024-05-08T13:46:36.546Z"}
{"level":"\u001b[32minfo\u001b[39m","message":"Servidor escuchando en el puerto 8080","timestamp":"2024-05-08T13:48:16.027Z"}
{"level":"\u001b[32minfo\u001b[39m","message":"Conexión a la base de datos exitosa","timestamp":"2024-05-08T13:48:17.138Z"}
{"level":"\u001b[32minfo\u001b[39m","message":"Se actualizó la cantidad del producto 65c5626d52088f28da893ed4 en el carrito 663b81bb761e9debbea84fb0","timestamp":"2024-05-08T13:48:28.156Z"}
{"level":"\u001b[32minfo\u001b[39m","message":"Inicio de sesión exitoso: glen@mail.com","timestamp":"2024-05-08T13:48:45.975Z"}
{"level":"\u001b[32minfo\u001b[39m","message":"Compra completada. Mostrando ticket.","timestamp":"2024-05-08T13:48:53.368Z"}
{"level":"\u001b[32minfo\u001b[39m","message":"Inicio de sesión exitoso: admin@coder.com","timestamp":"2024-05-08T13:49:14.893Z"}
{"level":"\u001b[32minfo\u001b[39m","message":"Servidor escuchando en el puerto 8080","timestamp":"2024-05-08T21:42:27.957Z"}
{"level":"\u001b[32minfo\u001b[39m","message":"Conexión a la base de datos exitosa","timestamp":"2024-05-08T21:42:29.945Z"}
{"level":"\u001b[32minfo\u001b[39m","message":"Inicio de sesión exitoso: adminCoder@coder.com","timestamp":"2024-05-08T21:42:56.935Z"}
{"level":"\u001b[32minfo\u001b[39m","message":"Servidor escuchando en el puerto 8080","timestamp":"2024-05-15T19:31:43.696Z"}
{"level":"\u001b[32minfo\u001b[39m","message":"Conexión a la base de datos exitosa","timestamp":"2024-05-15T19:31:45.807Z"}
{"level":"\u001b[32minfo\u001b[39m","message":"Usuario registrado correctamente","timestamp":"2024-05-15T19:32:14.202Z"}
{"level":"\u001b[32minfo\u001b[39m","message":"Servidor escuchando en el puerto 8080","timestamp":"2024-05-15T19:35:32.042Z"}
{"level":"\u001b[32minfo\u001b[39m","message":"Conexión a la base de datos exitosa","timestamp":"2024-05-15T19:35:33.994Z"}
{"level":"\u001b[32minfo\u001b[39m","message":"Servidor escuchando en el puerto 8080","timestamp":"2024-05-15T19:36:25.332Z"}
{"level":"\u001b[32minfo\u001b[39m","message":"Conexión a la base de datos exitosa","timestamp":"2024-05-15T19:36:27.250Z"}
{"level":"\u001b[32minfo\u001b[39m","message":"Servidor escuchando en el puerto 8080","timestamp":"2024-05-15T19:37:07.424Z"}
{"level":"\u001b[32minfo\u001b[39m","message":"Conexión a la base de datos exitosa","timestamp":"2024-05-15T19:37:09.414Z"}
{"level":"\u001b[32minfo\u001b[39m","message":"Servidor escuchando en el puerto 8080","timestamp":"2024-05-15T19:38:12.366Z"}
{"level":"\u001b[32minfo\u001b[39m","message":"Conexión a la base de datos exitosa","timestamp":"2024-05-15T19:38:14.302Z"}
{"level":"\u001b[32minfo\u001b[39m","message":"Servidor escuchando en el puerto 8080","timestamp":"2024-05-15T19:38:43.389Z"}
{"level":"\u001b[32minfo\u001b[39m","message":"Conexión a la base de datos exitosa","timestamp":"2024-05-15T19:38:45.212Z"}
{"level":"\u001b[32minfo\u001b[39m","message":"Servidor escuchando en el puerto 8080","timestamp":"2024-05-15T19:38:53.180Z"}
{"level":"\u001b[32minfo\u001b[39m","message":"Conexión a la base de datos exitosa","timestamp":"2024-05-15T19:38:55.114Z"}
{"level":"\u001b[32minfo\u001b[39m","message":"Servidor escuchando en el puerto 8080","timestamp":"2024-05-15T19:39:42.159Z"}
{"level":"\u001b[32minfo\u001b[39m","message":"Conexión a la base de datos exitosa","timestamp":"2024-05-15T19:39:44.315Z"}
{"level":"\u001b[32minfo\u001b[39m","message":"Usuario registrado correctamente","timestamp":"2024-05-15T19:41:12.350Z"}
{"level":"\u001b[32minfo\u001b[39m","message":"Servidor escuchando en el puerto 8080","timestamp":"2024-05-15T19:43:47.640Z"}
{"level":"\u001b[32minfo\u001b[39m","message":"Conexión a la base de datos exitosa","timestamp":"2024-05-15T19:43:49.685Z"}
{"level":"\u001b[32minfo\u001b[39m","message":"Servidor escuchando en el puerto 8080","timestamp":"2024-05-15T19:50:17.026Z"}
{"level":"\u001b[32minfo\u001b[39m","message":"Conexión a la base de datos exitosa","timestamp":"2024-05-15T19:50:19.112Z"}
{"level":"\u001b[32minfo\u001b[39m","message":"Servidor escuchando en el puerto 8080","timestamp":"2024-05-15T19:51:15.142Z"}
{"level":"\u001b[32minfo\u001b[39m","message":"Conexión a la base de datos exitosa","timestamp":"2024-05-15T19:51:17.072Z"}
{"level":"\u001b[32minfo\u001b[39m","message":"Servidor escuchando en el puerto 8080","timestamp":"2024-05-15T19:58:37.164Z"}
{"level":"\u001b[32minfo\u001b[39m","message":"Conexión a la base de datos exitosa","timestamp":"2024-05-15T19:58:39.162Z"}
{"level":"\u001b[32minfo\u001b[39m","message":"Servidor escuchando en el puerto 8080","timestamp":"2024-05-15T20:03:42.990Z"}
{"level":"\u001b[32minfo\u001b[39m","message":"Conexión a la base de datos exitosa","timestamp":"2024-05-15T20:03:45.140Z"}
{"level":"\u001b[32minfo\u001b[39m","message":"Servidor escuchando en el puerto 8080","timestamp":"2024-05-15T20:03:52.196Z"}
{"level":"\u001b[32minfo\u001b[39m","message":"Conexión a la base de datos exitosa","timestamp":"2024-05-15T20:03:54.159Z"}
{"level":"\u001b[32minfo\u001b[39m","message":"Inicio de sesión exitoso: pena_matias@hotmail.com","timestamp":"2024-05-15T20:04:29.659Z"}
{"level":"\u001b[32minfo\u001b[39m","message":"Servidor escuchando en el puerto 8080","timestamp":"2024-05-15T20:10:10.546Z"}
{"level":"\u001b[32minfo\u001b[39m","message":"Conexión a la base de datos exitosa","timestamp":"2024-05-15T20:10:12.470Z"}
{"level":"\u001b[32minfo\u001b[39m","message":"Servidor escuchando en el puerto 8080","timestamp":"2024-05-15T20:16:57.488Z"}
{"level":"\u001b[32minfo\u001b[39m","message":"Conexión a la base de datos exitosa","timestamp":"2024-05-15T20:16:59.784Z"}
{"level":"\u001b[32minfo\u001b[39m","message":"Servidor escuchando en el puerto 8080","timestamp":"2024-05-15T20:20:17.591Z"}
{"level":"\u001b[32minfo\u001b[39m","message":"Conexión a la base de datos exitosa","timestamp":"2024-05-15T20:20:20.074Z"}
{"level":"\u001b[32minfo\u001b[39m","message":"Inicio de sesión exitoso: pena_matias@hotmail.com","timestamp":"2024-05-15T20:23:44.662Z"}
{"level":"\u001b[32minfo\u001b[39m","message":"Servidor escuchando en el puerto 8080","timestamp":"2024-05-15T20:26:15.910Z"}
{"level":"\u001b[32minfo\u001b[39m","message":"Conexión a la base de datos exitosa","timestamp":"2024-05-15T20:26:18.056Z"}
{"level":"\u001b[32minfo\u001b[39m","message":"Servidor escuchando en el puerto 8080","timestamp":"2024-05-15T20:28:02.855Z"}
{"level":"\u001b[32minfo\u001b[39m","message":"Conexión a la base de datos exitosa","timestamp":"2024-05-15T20:28:04.922Z"}
{"level":"\u001b[31merror\u001b[39m","message":"Error al actualizar el producto: TypeError: productManager.findOne is not a function","timestamp":"2024-05-15T20:28:18.101Z"}
{"level":"\u001b[32minfo\u001b[39m","message":"Servidor escuchando en el puerto 8080","timestamp":"2024-05-15T20:29:25.661Z"}
{"level":"\u001b[32minfo\u001b[39m","message":"Conexión a la base de datos exitosa","timestamp":"2024-05-15T20:29:27.810Z"}
{"level":"\u001b[31merror\u001b[39m","message":"Error al actualizar el producto: TypeError: productManager.findOne is not a function","timestamp":"2024-05-15T20:29:28.278Z"}
{"level":"\u001b[32minfo\u001b[39m","message":"Servidor escuchando en el puerto 8080","timestamp":"2024-05-15T20:29:57.540Z"}
{"level":"\u001b[32minfo\u001b[39m","message":"Conexión a la base de datos exitosa","timestamp":"2024-05-15T20:29:59.425Z"}
{"level":"\u001b[32minfo\u001b[39m","message":"Servidor escuchando en el puerto 8080","timestamp":"2024-05-15T20:30:49.596Z"}
{"level":"\u001b[32minfo\u001b[39m","message":"Conexión a la base de datos exitosa","timestamp":"2024-05-15T20:30:51.522Z"}
{"level":"\u001b[32minfo\u001b[39m","message":"Servidor escuchando en el puerto 8080","timestamp":"2024-05-15T20:31:46.176Z"}
{"level":"\u001b[32minfo\u001b[39m","message":"Conexión a la base de datos exitosa","timestamp":"2024-05-15T20:31:48.003Z"}
{"level":"\u001b[31merror\u001b[39m","message":"Error al actualizar el producto: TypeError: Cannot read properties of undefined (reading 'equals')","timestamp":"2024-05-15T20:31:48.980Z"}
{"level":"\u001b[32minfo\u001b[39m","message":"Servidor escuchando en el puerto 8080","timestamp":"2024-05-15T20:32:36.723Z"}
{"level":"\u001b[32minfo\u001b[39m","message":"Conexión a la base de datos exitosa","timestamp":"2024-05-15T20:32:38.622Z"}
{"level":"\u001b[31merror\u001b[39m","message":"Error al actualizar el producto: TypeError: Cannot read properties of undefined (reading 'equals')","timestamp":"2024-05-15T20:32:41.298Z"}
{"level":"\u001b[32minfo\u001b[39m","message":"Servidor escuchando en el puerto 8080","timestamp":"2024-05-15T20:33:07.087Z"}
{"level":"\u001b[32minfo\u001b[39m","message":"Conexión a la base de datos exitosa","timestamp":"2024-05-15T20:33:09.093Z"}
{"level":"\u001b[32minfo\u001b[39m","message":"Servidor escuchando en el puerto 8080","timestamp":"2024-05-15T20:35:43.307Z"}
{"level":"\u001b[32minfo\u001b[39m","message":"Conexión a la base de datos exitosa","timestamp":"2024-05-15T20:35:45.749Z"}
{"level":"\u001b[32minfo\u001b[39m","message":"Servidor escuchando en el puerto 8080","timestamp":"2024-05-15T20:37:38.718Z"}
{"level":"\u001b[32minfo\u001b[39m","message":"Conexión a la base de datos exitosa","timestamp":"2024-05-15T20:37:40.698Z"}
{"level":"\u001b[32minfo\u001b[39m","message":"Servidor escuchando en el puerto 8080","timestamp":"2024-05-15T20:38:11.085Z"}
{"level":"\u001b[32minfo\u001b[39m","message":"Conexión a la base de datos exitosa","timestamp":"2024-05-15T20:38:12.925Z"}
{"level":"\u001b[32minfo\u001b[39m","message":"Servidor escuchando en el puerto 8080","timestamp":"2024-05-15T20:39:03.416Z"}
{"level":"\u001b[32minfo\u001b[39m","message":"Conexión a la base de datos exitosa","timestamp":"2024-05-15T20:39:05.756Z"}
{"level":"\u001b[31merror\u001b[39m","message":"Error al actualizar el producto: TypeError: Cannot read properties of undefined (reading 'then')","timestamp":"2024-05-15T20:39:09.556Z"}
{"level":"\u001b[31merror\u001b[39m","message":"Error al actualizar el producto: TypeError: Cannot read properties of undefined (reading 'then')","timestamp":"2024-05-15T20:39:22.711Z"}
{"level":"\u001b[32minfo\u001b[39m","message":"Servidor escuchando en el puerto 8080","timestamp":"2024-05-15T20:40:24.265Z"}
{"level":"\u001b[32minfo\u001b[39m","message":"Conexión a la base de datos exitosa","timestamp":"2024-05-15T20:40:26.589Z"}
{"level":"\u001b[31merror\u001b[39m","message":"Error al eliminar el producto: TypeError: Cannot read properties of undefined (reading 'then')","timestamp":"2024-05-15T20:40:32.367Z"}
{"level":"\u001b[32minfo\u001b[39m","message":"Servidor escuchando en el puerto 8080","timestamp":"2024-05-15T20:42:50.786Z"}
{"level":"\u001b[32minfo\u001b[39m","message":"Conexión a la base de datos exitosa","timestamp":"2024-05-15T20:42:52.778Z"}
{"level":"\u001b[32minfo\u001b[39m","message":"Servidor escuchando en el puerto 8080","timestamp":"2024-05-15T20:43:35.018Z"}
{"level":"\u001b[32minfo\u001b[39m","message":"Conexión a la base de datos exitosa","timestamp":"2024-05-15T20:43:36.820Z"}
{"level":"\u001b[31merror\u001b[39m","message":"Error al actualizar el producto: TypeError: Cannot read properties of undefined (reading 'then')","timestamp":"2024-05-15T20:43:37.934Z"}
{"level":"\u001b[31merror\u001b[39m","message":"Error al actualizar el producto: TypeError: Cannot read properties of undefined (reading 'then')","timestamp":"2024-05-15T20:43:47.902Z"}
{"level":"\u001b[31merror\u001b[39m","message":"Error al eliminar el producto: TypeError: Cannot read properties of undefined (reading 'then')","timestamp":"2024-05-15T20:44:15.646Z"}
{"level":"\u001b[32minfo\u001b[39m","message":"Servidor escuchando en el puerto 8080","timestamp":"2024-05-15T20:45:42.932Z"}
{"level":"\u001b[32minfo\u001b[39m","message":"Conexión a la base de datos exitosa","timestamp":"2024-05-15T20:45:44.993Z"}
{"level":"\u001b[32minfo\u001b[39m","message":"Servidor escuchando en el puerto 8080","timestamp":"2024-05-15T20:46:08.446Z"}
{"level":"\u001b[32minfo\u001b[39m","message":"Conexión a la base de datos exitosa","timestamp":"2024-05-15T20:46:10.469Z"}
{"level":"\u001b[32minfo\u001b[39m","message":"Servidor escuchando en el puerto 8080","timestamp":"2024-05-15T20:47:15.707Z"}
{"level":"\u001b[32minfo\u001b[39m","message":"Conexión a la base de datos exitosa","timestamp":"2024-05-15T20:47:17.791Z"}
{"level":"\u001b[31merror\u001b[39m","message":"Error al eliminar el producto: TypeError: Cannot read properties of undefined (reading 'then')","timestamp":"2024-05-15T20:47:21.232Z"}
{"level":"\u001b[31merror\u001b[39m","message":"Error al eliminar el producto: TypeError: Cannot read properties of undefined (reading 'then')","timestamp":"2024-05-15T20:47:27.817Z"}
{"level":"\u001b[32minfo\u001b[39m","message":"Servidor escuchando en el puerto 8080","timestamp":"2024-05-15T20:47:54.556Z"}
{"level":"\u001b[32minfo\u001b[39m","message":"Conexión a la base de datos exitosa","timestamp":"2024-05-15T20:47:56.476Z"}
{"level":"\u001b[31merror\u001b[39m","message":"Error al eliminar el producto: TypeError: Cannot read properties of undefined (reading 'then')","timestamp":"2024-05-15T20:48:15.963Z"}
{"level":"\u001b[32minfo\u001b[39m","message":"Servidor escuchando en el puerto 8080","timestamp":"2024-05-15T20:50:40.892Z"}
{"level":"\u001b[32minfo\u001b[39m","message":"Conexión a la base de datos exitosa","timestamp":"2024-05-15T20:50:43.076Z"}
{"level":"\u001b[31merror\u001b[39m","message":"Error al eliminar el producto: ReferenceError: product is not defined","timestamp":"2024-05-15T20:50:50.846Z"}
{"level":"\u001b[32minfo\u001b[39m","message":"Servidor escuchando en el puerto 8080","timestamp":"2024-05-15T20:52:09.453Z"}
{"level":"\u001b[32minfo\u001b[39m","message":"Conexión a la base de datos exitosa","timestamp":"2024-05-15T20:52:11.736Z"}
{"level":"\u001b[32minfo\u001b[39m","message":"Servidor escuchando en el puerto 8080","timestamp":"2024-05-15T20:52:24.873Z"}
{"level":"\u001b[32minfo\u001b[39m","message":"Conexión a la base de datos exitosa","timestamp":"2024-05-15T20:52:26.742Z"}
{"level":"\u001b[31merror\u001b[39m","message":"Error al eliminar el producto: TypeError: Cannot read properties of undefined (reading 'then')","timestamp":"2024-05-15T20:52:29.521Z"}
{"level":"\u001b[32minfo\u001b[39m","message":"Servidor escuchando en el puerto 8080","timestamp":"2024-05-15T20:54:09.444Z"}
{"level":"\u001b[32minfo\u001b[39m","message":"Conexión a la base de datos exitosa","timestamp":"2024-05-15T20:54:11.499Z"}
{"level":"\u001b[32minfo\u001b[39m","message":"Servidor escuchando en el puerto 8080","timestamp":"2024-05-15T20:54:17.174Z"}
{"level":"\u001b[32minfo\u001b[39m","message":"Conexión a la base de datos exitosa","timestamp":"2024-05-15T20:54:19.154Z"}
{"level":"\u001b[31merror\u001b[39m","message":"Error al eliminar el producto: TypeError: Cannot read properties of undefined (reading 'then')","timestamp":"2024-05-15T20:54:25.019Z"}
{"level":"\u001b[32minfo\u001b[39m","message":"Servidor escuchando en el puerto 8080","timestamp":"2024-05-15T20:54:45.578Z"}
{"level":"\u001b[32minfo\u001b[39m","message":"Conexión a la base de datos exitosa","timestamp":"2024-05-15T20:54:47.368Z"}
{"level":"\u001b[31merror\u001b[39m","message":"Error al eliminar el producto: TypeError: Cannot read properties of undefined (reading 'then')","timestamp":"2024-05-15T20:54:51.559Z"}
{"level":"\u001b[32minfo\u001b[39m","message":"Servidor escuchando en el puerto 8080","timestamp":"2024-05-15T20:55:07.529Z"}
{"level":"\u001b[32minfo\u001b[39m","message":"Conexión a la base de datos exitosa","timestamp":"2024-05-15T20:55:09.353Z"}
{"level":"\u001b[32minfo\u001b[39m","message":"Servidor escuchando en el puerto 8080","timestamp":"2024-05-15T20:55:28.061Z"}
{"level":"\u001b[32minfo\u001b[39m","message":"Conexión a la base de datos exitosa","timestamp":"2024-05-15T20:55:30.049Z"}
{"level":"\u001b[31merror\u001b[39m","message":"Error al eliminar el producto: TypeError: Cannot read properties of undefined (reading 'then')","timestamp":"2024-05-15T20:55:32.184Z"}
{"level":"\u001b[32minfo\u001b[39m","message":"Servidor escuchando en el puerto 8080","timestamp":"2024-05-15T20:56:35.913Z"}
{"level":"\u001b[32minfo\u001b[39m","message":"Conexión a la base de datos exitosa","timestamp":"2024-05-15T20:56:37.964Z"}
{"level":"\u001b[32minfo\u001b[39m","message":"Servidor escuchando en el puerto 8080","timestamp":"2024-05-15T20:57:31.860Z"}
{"level":"\u001b[32minfo\u001b[39m","message":"Conexión a la base de datos exitosa","timestamp":"2024-05-15T20:57:33.731Z"}
{"level":"\u001b[31merror\u001b[39m","message":"Error al eliminar el producto: TypeError: Cannot read properties of undefined (reading 'then')","timestamp":"2024-05-15T20:57:38.214Z"}
{"level":"\u001b[31merror\u001b[39m","message":"Error al actualizar el producto: TypeError: Cannot read properties of undefined (reading 'then')","timestamp":"2024-05-15T20:57:50.988Z"}
{"level":"\u001b[31merror\u001b[39m","message":"Error al eliminar el producto: TypeError: Cannot read properties of undefined (reading 'then')","timestamp":"2024-05-15T21:01:32.436Z"}
{"level":"\u001b[31merror\u001b[39m","message":"Error al eliminar el producto: TypeError: Cannot read properties of undefined (reading 'then')","timestamp":"2024-05-15T21:01:37.665Z"}
{"level":"\u001b[32minfo\u001b[39m","message":"Servidor escuchando en el puerto 8080","timestamp":"2024-05-15T21:01:58.292Z"}
{"level":"\u001b[32minfo\u001b[39m","message":"Conexión a la base de datos exitosa","timestamp":"2024-05-15T21:02:00.207Z"}
{"level":"\u001b[31merror\u001b[39m","message":"Error al eliminar el producto: TypeError: Cannot read properties of undefined (reading 'then')","timestamp":"2024-05-15T21:02:09.725Z"}
{"level":"\u001b[31merror\u001b[39m","message":"Error al eliminar el producto: TypeError: Cannot read properties of undefined (reading 'then')","timestamp":"2024-05-15T21:02:12.784Z"}
{"level":"\u001b[32minfo\u001b[39m","message":"Servidor escuchando en el puerto 8080","timestamp":"2024-05-15T21:02:34.315Z"}
{"level":"\u001b[32minfo\u001b[39m","message":"Conexión a la base de datos exitosa","timestamp":"2024-05-15T21:02:36.464Z"}
{"level":"\u001b[31merror\u001b[39m","message":"Error al eliminar el producto: TypeError: Cannot read properties of undefined (reading 'then')","timestamp":"2024-05-15T21:02:42.474Z"}
{"level":"\u001b[32minfo\u001b[39m","message":"Servidor escuchando en el puerto 8080","timestamp":"2024-05-15T21:04:25.033Z"}
{"level":"\u001b[32minfo\u001b[39m","message":"Conexión a la base de datos exitosa","timestamp":"2024-05-15T21:04:26.977Z"}
{"level":"\u001b[32minfo\u001b[39m","message":"Servidor escuchando en el puerto 8080","timestamp":"2024-05-15T21:04:31.392Z"}
{"level":"\u001b[32minfo\u001b[39m","message":"Conexión a la base de datos exitosa","timestamp":"2024-05-15T21:04:33.241Z"}
{"level":"\u001b[32minfo\u001b[39m","message":"Servidor escuchando en el puerto 8080","timestamp":"2024-05-15T21:04:37.894Z"}
{"level":"\u001b[32minfo\u001b[39m","message":"Conexión a la base de datos exitosa","timestamp":"2024-05-15T21:04:39.804Z"}
{"level":"\u001b[32minfo\u001b[39m","message":"Servidor escuchando en el puerto 8080","timestamp":"2024-05-15T21:04:49.938Z"}
{"level":"\u001b[32minfo\u001b[39m","message":"Conexión a la base de datos exitosa","timestamp":"2024-05-15T21:04:51.844Z"}
{"level":"\u001b[31merror\u001b[39m","message":"Error al actualizar el producto: TypeError: Cannot read properties of undefined (reading 'then')","timestamp":"2024-05-15T21:05:03.496Z"}
{"level":"\u001b[31merror\u001b[39m","message":"Error al eliminar el producto: TypeError: Cannot read properties of undefined (reading 'then')","timestamp":"2024-05-15T21:05:11.008Z"}
{"level":"\u001b[32minfo\u001b[39m","message":"Servidor escuchando en el puerto 8080","timestamp":"2024-05-15T21:36:52.306Z"}
{"level":"\u001b[32minfo\u001b[39m","message":"Conexión a la base de datos exitosa","timestamp":"2024-05-15T21:36:54.890Z"}
{"level":"\u001b[31merror\u001b[39m","message":"Error al eliminar el producto: TypeError: Cannot read properties of undefined (reading 'then')","timestamp":"2024-05-15T21:36:57.821Z"}
{"level":"\u001b[32minfo\u001b[39m","message":"Servidor escuchando en el puerto 8080","timestamp":"2024-05-15T21:37:15.147Z"}
{"level":"\u001b[32minfo\u001b[39m","message":"Conexión a la base de datos exitosa","timestamp":"2024-05-15T21:37:16.968Z"}
{"level":"\u001b[31merror\u001b[39m","message":"Error al eliminar el producto: TypeError: Cannot read properties of undefined (reading 'then')","timestamp":"2024-05-15T21:37:21.965Z"}
{"level":"\u001b[32minfo\u001b[39m","message":"Servidor escuchando en el puerto 8080","timestamp":"2024-05-15T21:37:35.045Z"}
{"level":"\u001b[32minfo\u001b[39m","message":"Conexión a la base de datos exitosa","timestamp":"2024-05-15T21:37:36.925Z"}
{"level":"\u001b[31merror\u001b[39m","message":"Error al eliminar el producto: TypeError: Cannot read properties of undefined (reading 'then')","timestamp":"2024-05-15T21:37:39.028Z"}
{"level":"\u001b[32minfo\u001b[39m","message":"Servidor escuchando en el puerto 8080","timestamp":"2024-05-15T21:44:51.728Z"}
{"level":"\u001b[32minfo\u001b[39m","message":"Conexión a la base de datos exitosa","timestamp":"2024-05-15T21:44:53.673Z"}
{"level":"\u001b[31merror\u001b[39m","message":"Error al eliminar el producto: TypeError: Cannot read properties of undefined (reading 'then')","timestamp":"2024-05-15T21:45:16.163Z"}
{"level":"\u001b[31merror\u001b[39m","message":"Error al eliminar el producto: TypeError: Cannot read properties of undefined (reading 'then')","timestamp":"2024-05-15T21:45:27.399Z"}
{"level":"\u001b[32minfo\u001b[39m","message":"Servidor escuchando en el puerto 8080","timestamp":"2024-05-15T21:46:54.926Z"}
{"level":"\u001b[32minfo\u001b[39m","message":"Conexión a la base de datos exitosa","timestamp":"2024-05-15T21:46:56.975Z"}
{"level":"\u001b[31merror\u001b[39m","message":"Error al actualizar el producto: TypeError: Cannot read properties of undefined (reading 'then')","timestamp":"2024-05-15T21:46:59.697Z"}
{"level":"\u001b[32minfo\u001b[39m","message":"Servidor escuchando en el puerto 8080","timestamp":"2024-05-15T21:47:16.966Z"}
{"level":"\u001b[32minfo\u001b[39m","message":"Conexión a la base de datos exitosa","timestamp":"2024-05-15T21:47:18.797Z"}
{"level":"\u001b[31merror\u001b[39m","message":"Error al actualizar el producto: TypeError: Cannot read properties of undefined (reading 'then')","timestamp":"2024-05-15T21:47:20.269Z"}
{"level":"\u001b[31merror\u001b[39m","message":"Error al actualizar el producto: TypeError: Cannot read properties of undefined (reading 'then')","timestamp":"2024-05-15T21:47:30.508Z"}
{"level":"\u001b[32minfo\u001b[39m","message":"Servidor escuchando en el puerto 8080","timestamp":"2024-05-15T21:48:38.156Z"}
{"level":"\u001b[32minfo\u001b[39m","message":"Conexión a la base de datos exitosa","timestamp":"2024-05-15T21:48:40.183Z"}
{"level":"\u001b[31merror\u001b[39m","message":"Error al actualizar el producto: TypeError: Cannot read properties of undefined (reading 'then')","timestamp":"2024-05-15T21:48:41.883Z"}
{"level":"\u001b[31merror\u001b[39m","message":"Error al actualizar el producto: TypeError: Cannot read properties of undefined (reading 'then')","timestamp":"2024-05-15T21:48:45.397Z"}
{"level":"\u001b[32minfo\u001b[39m","message":"Servidor escuchando en el puerto 8080","timestamp":"2024-05-15T21:52:20.191Z"}
{"level":"\u001b[32minfo\u001b[39m","message":"Conexión a la base de datos exitosa","timestamp":"2024-05-15T21:52:22.238Z"}
{"level":"\u001b[31merror\u001b[39m","message":"Error al actualizar el producto: TypeError: Cannot read properties of undefined (reading 'then')","timestamp":"2024-05-15T21:52:24.057Z"}
{"level":"\u001b[31merror\u001b[39m","message":"Error al actualizar el producto: TypeError: Cannot read properties of undefined (reading 'then')","timestamp":"2024-05-15T21:52:26.615Z"}
{"level":"\u001b[32minfo\u001b[39m","message":"Servidor escuchando en el puerto 8080","timestamp":"2024-05-15T21:53:27.075Z"}
{"level":"\u001b[32minfo\u001b[39m","message":"Conexión a la base de datos exitosa","timestamp":"2024-05-15T21:53:29.228Z"}
{"level":"\u001b[32minfo\u001b[39m","message":"Servidor escuchando en el puerto 8080","timestamp":"2024-05-15T21:54:41.388Z"}
{"level":"\u001b[32minfo\u001b[39m","message":"Conexión a la base de datos exitosa","timestamp":"2024-05-15T21:54:43.520Z"}
{"level":"\u001b[32minfo\u001b[39m","message":"Servidor escuchando en el puerto 8080","timestamp":"2024-05-15T21:54:53.844Z"}
{"level":"\u001b[32minfo\u001b[39m","message":"Conexión a la base de datos exitosa","timestamp":"2024-05-15T21:54:55.862Z"}
{"level":"\u001b[32minfo\u001b[39m","message":"Servidor escuchando en el puerto 8080","timestamp":"2024-05-15T21:55:20.360Z"}
{"level":"\u001b[32minfo\u001b[39m","message":"Conexión a la base de datos exitosa","timestamp":"2024-05-15T21:55:22.267Z"}
{"level":"\u001b[32minfo\u001b[39m","message":"Servidor escuchando en el puerto 8080","timestamp":"2024-05-15T21:55:36.869Z"}
{"level":"\u001b[32minfo\u001b[39m","message":"Conexión a la base de datos exitosa","timestamp":"2024-05-15T21:55:39.021Z"}
{"level":"\u001b[32minfo\u001b[39m","message":"Servidor escuchando en el puerto 8080","timestamp":"2024-05-15T21:59:16.752Z"}
{"level":"\u001b[32minfo\u001b[39m","message":"Conexión a la base de datos exitosa","timestamp":"2024-05-15T21:59:19.151Z"}
{"level":"\u001b[32minfo\u001b[39m","message":"Servidor escuchando en el puerto 8080","timestamp":"2024-05-15T21:59:50.807Z"}
{"level":"\u001b[32minfo\u001b[39m","message":"Conexión a la base de datos exitosa","timestamp":"2024-05-15T21:59:52.710Z"}
{"level":"\u001b[32minfo\u001b[39m","message":"Servidor escuchando en el puerto 8080","timestamp":"2024-05-15T22:02:41.634Z"}
{"level":"\u001b[32minfo\u001b[39m","message":"Conexión a la base de datos exitosa","timestamp":"2024-05-15T22:02:43.862Z"}
{"level":"\u001b[32minfo\u001b[39m","message":"Servidor escuchando en el puerto 8080","timestamp":"2024-05-15T22:03:11.543Z"}
{"level":"\u001b[32minfo\u001b[39m","message":"Conexión a la base de datos exitosa","timestamp":"2024-05-15T22:03:13.563Z"}
{"level":"\u001b[32minfo\u001b[39m","message":"Servidor escuchando en el puerto 8080","timestamp":"2024-05-15T22:04:02.747Z"}
{"level":"\u001b[32minfo\u001b[39m","message":"Conexión a la base de datos exitosa","timestamp":"2024-05-15T22:04:05.024Z"}
{"level":"\u001b[32minfo\u001b[39m","message":"Servidor escuchando en el puerto 8080","timestamp":"2024-05-15T22:04:36.034Z"}
{"level":"\u001b[32minfo\u001b[39m","message":"Conexión a la base de datos exitosa","timestamp":"2024-05-15T22:04:38.142Z"}
{"level":"\u001b[32minfo\u001b[39m","message":"Servidor escuchando en el puerto 8080","timestamp":"2024-05-15T22:05:03.018Z"}
{"level":"\u001b[32minfo\u001b[39m","message":"Conexión a la base de datos exitosa","timestamp":"2024-05-15T22:05:05.166Z"}
{"level":"\u001b[32minfo\u001b[39m","message":"Servidor escuchando en el puerto 8080","timestamp":"2024-05-15T22:06:54.479Z"}
{"level":"\u001b[32minfo\u001b[39m","message":"Conexión a la base de datos exitosa","timestamp":"2024-05-15T22:06:56.793Z"}
{"level":"\u001b[32minfo\u001b[39m","message":"Servidor escuchando en el puerto 8080","timestamp":"2024-05-15T22:09:25.806Z"}
{"level":"\u001b[32minfo\u001b[39m","message":"Conexión a la base de datos exitosa","timestamp":"2024-05-15T22:09:27.992Z"}
{"level":"\u001b[32minfo\u001b[39m","message":"Servidor escuchando en el puerto 8080","timestamp":"2024-05-15T22:09:36.590Z"}
{"level":"\u001b[32minfo\u001b[39m","message":"Conexión a la base de datos exitosa","timestamp":"2024-05-15T22:09:38.590Z"}
{"level":"\u001b[32minfo\u001b[39m","message":"Inicio de sesión exitoso: pena_matias@hotmail.com","timestamp":"2024-05-15T22:09:50.668Z"}
{"level":"\u001b[32minfo\u001b[39m","message":"Servidor escuchando en el puerto 8080","timestamp":"2024-05-15T22:12:48.443Z"}
{"level":"\u001b[32minfo\u001b[39m","message":"Conexión a la base de datos exitosa","timestamp":"2024-05-15T22:12:50.588Z"}
{"level":"\u001b[32minfo\u001b[39m","message":"Servidor escuchando en el puerto 8080","timestamp":"2024-05-15T22:13:14.252Z"}
{"level":"\u001b[32minfo\u001b[39m","message":"Conexión a la base de datos exitosa","timestamp":"2024-05-15T22:13:16.262Z"}
{"level":"\u001b[32minfo\u001b[39m","message":"Servidor escuchando en el puerto 8080","timestamp":"2024-05-15T22:14:47.196Z"}
{"level":"\u001b[32minfo\u001b[39m","message":"Conexión a la base de datos exitosa","timestamp":"2024-05-15T22:14:49.634Z"}
{"level":"\u001b[32minfo\u001b[39m","message":"Servidor escuchando en el puerto 8080","timestamp":"2024-05-15T22:16:43.828Z"}
{"level":"\u001b[32minfo\u001b[39m","message":"Conexión a la base de datos exitosa","timestamp":"2024-05-15T22:16:46.244Z"}
{"level":"\u001b[32minfo\u001b[39m","message":"Servidor escuchando en el puerto 8080","timestamp":"2024-05-15T22:17:05.930Z"}
{"level":"\u001b[32minfo\u001b[39m","message":"Conexión a la base de datos exitosa","timestamp":"2024-05-15T22:17:07.942Z"}
{"level":"\u001b[32minfo\u001b[39m","message":"Servidor escuchando en el puerto 8080","timestamp":"2024-05-15T22:17:54.748Z"}
{"level":"\u001b[32minfo\u001b[39m","message":"Conexión a la base de datos exitosa","timestamp":"2024-05-15T22:17:57.119Z"}
{"level":"\u001b[32minfo\u001b[39m","message":"Servidor escuchando en el puerto 8080","timestamp":"2024-05-15T22:19:06.121Z"}
{"level":"\u001b[32minfo\u001b[39m","message":"Conexión a la base de datos exitosa","timestamp":"2024-05-15T22:19:08.571Z"}
